#
# There is insufficient memory for the Java Runtime Environment to continue.
# Native memory allocation (malloc) failed to allocate 1048576 bytes for AllocateHeap
# Possible reasons:
#   The system is out of physical RAM or swap space
#   In 32 bit mode, the process size limit was hit
# Possible solutions:
#   Reduce memory load on the system
#   Increase physical memory or swap space
#   Check if swap backing store is full
#   Use 64 bit Java on a 64 bit OS
#   Decrease Java heap size (-Xmx/-Xms)
#   Decrease number of Java threads
#   Decrease Java thread stack sizes (-Xss)
#   Set larger code cache with -XX:ReservedCodeCacheSize=
# This output file may be truncated or incomplete.
#
#  Out of Memory Error (memory/allocation.inline.hpp:61), pid=11468, tid=0x0000000000002814
#
# JRE version:  (8.0_121-b13) (build )
# Java VM: Java HotSpot(TM) 64-Bit Server VM (25.121-b13 mixed mode windows-amd64 compressed oops)
# Failed to write core dump. Minidumps are not enabled by default on client versions of Windows
#

---------------  T H R E A D  ---------------

Current thread (0x00000000032a3800):  JavaThread "Unknown thread" [_thread_in_vm, id=10260, stack(0x00000000031a0000,0x00000000032a0000)]

Stack: [0x00000000031a0000,0x00000000032a0000]
[error occurred during error reporting (printing stack bounds), id 0xc0000005]

Native frames: (J=compiled Java code, j=interpreted, Vv=VM code, C=native code)


---------------  P R O C E S S  ---------------

Java Threads: ( => current thread )

Other Threads:

=>0x00000000032a3800 (exited) JavaThread "Unknown thread" [_thread_in_vm, id=10260, stack(0x00000000031a0000,0x00000000032a0000)]

VM state:not at safepoint (normal execution)

VM Mutex/Monitor currently owned by a thread: None

Heap:
 PSYoungGen      total 38400K, used 665K [0x00000000d5580000, 0x00000000d8000000, 0x0000000100000000)
  eden space 33280K, 2% used [0x00000000d5580000,0x00000000d5626670,0x00000000d7600000)
  from space 5120K, 0% used [0x00000000d7b00000,0x00000000d7b00000,0x00000000d8000000)
  to   space 5120K, 0% used [0x00000000d7600000,0x00000000d7600000,0x00000000d7b00000)
 ParOldGen       total 87552K, used 0K [0x0000000080000000, 0x0000000085580000, 0x00000000d5580000)
  object space 87552K, 0% used [0x0000000080000000,0x0000000080000000,0x0000000085580000)
 Metaspace       used 746K, capacity 4480K, committed 4480K, reserved 1056768K
  class space    used 75K, capacity 384K, committed 384K, reserved 1048576K

Card table byte_map: [0x0000000012760000,0x0000000012b70000] byte_map_base: 0x0000000012360000

Marking Bits: (ParMarkBitMap*) 0x000000006384b6d0
 Begin Bits: [0x0000000013020000, 0x0000000015020000)
 End Bits:   [0x0000000015020000, 0x0000000017020000)

Polling page: 0x0000000001450000

CodeCache: size=245760Kb used=328Kb max_used=328Kb free=245431Kb
 bounds [0x00000000033a0000, 0x0000000003610000, 0x00000000123a0000]
 total_blobs=57 nmethods=0 adapters=38
 compilation: enabled

Compilation events (0 events):
No events

GC Heap History (0 events):
No events

Deoptimization events (0 events):
No events

Internal exceptions (0 events):
No events

Events (10 events):
Event: 0.030 loading class java/lang/Short
Event: 0.030 loading class java/lang/Short done
Event: 0.030 loading class java/lang/Integer
Event: 0.031 loading class java/lang/Integer done
Event: 0.031 loading class java/lang/Long
Event: 0.031 loading class java/lang/Long done
Event: 0.031 loading class java/lang/NullPointerException
Event: 0.032 loading class java/lang/NullPointerException done
Event: 0.032 loading class java/lang/ArithmeticException
Event: 0.032 loading class java/lang/ArithmeticException done


Dynamic libraries:
0x00007ff689c60000 - 0x00007ff689c97000 	C:\Program Files\Java\jre1.8.0_121\bin\javaw.exe
0x00007ffbaa2c0000 - 0x00007ffbaa4a1000 	C:\windows\SYSTEM32\ntdll.dll
0x00007ffba8e90000 - 0x00007ffba8f41000 	C:\windows\System32\KERNEL32.DLL
0x00007ffba7260000 - 0x00007ffba74d3000 	C:\windows\System32\KERNELBASE.dll
0x00007ffba8d90000 - 0x00007ffba8e31000 	C:\windows\System32\ADVAPI32.dll
0x00007ffba9130000 - 0x00007ffba91ce000 	C:\windows\System32\msvcrt.dll
0x00007ffba98b0000 - 0x00007ffba990b000 	C:\windows\System32\sechost.dll
0x00007ffba93e0000 - 0x00007ffba9504000 	C:\windows\System32\RPCRT4.dll
0x00007ffba9920000 - 0x00007ffba9ab0000 	C:\windows\System32\USER32.dll
0x00007ffba6730000 - 0x00007ffba6750000 	C:\windows\System32\win32u.dll
0x00007ffba91d0000 - 0x00007ffba91f8000 	C:\windows\System32\GDI32.dll
0x00007ffba70c0000 - 0x00007ffba7252000 	C:\windows\System32\gdi32full.dll
0x00007ffba6690000 - 0x00007ffba672f000 	C:\windows\System32\msvcp_win.dll
0x00007ffba6f10000 - 0x00007ffba7008000 	C:\windows\System32\ucrtbase.dll
0x00007ffb9b8f0000 - 0x00007ffb9bb59000 	C:\windows\WinSxS\amd64_microsoft.windows.common-controls_6595b64144ccf1df_6.0.17134.706_none_fb43a2cb30647007\COMCTL32.dll
0x00007ffba9510000 - 0x00007ffba9832000 	C:\windows\System32\combase.dll
0x00007ffba76d0000 - 0x00007ffba774a000 	C:\windows\System32\bcryptPrimitives.dll
0x00007ffba8e60000 - 0x00007ffba8e8d000 	C:\windows\System32\IMM32.DLL
0x0000000062e70000 - 0x0000000062f42000 	C:\Program Files\Java\jre1.8.0_121\bin\msvcr100.dll
0x0000000063030000 - 0x00000000638cb000 	C:\Program Files\Java\jre1.8.0_121\bin\server\jvm.dll
0x00007ffba9910000 - 0x00007ffba9918000 	C:\windows\System32\PSAPI.DLL
0x00007ffb9a170000 - 0x00007ffb9a179000 	C:\windows\SYSTEM32\WSOCK32.dll
0x00007ffba9840000 - 0x00007ffba98ac000 	C:\windows\System32\WS2_32.dll
0x00007ffba3470000 - 0x00007ffba3493000 	C:\windows\SYSTEM32\WINMM.dll
0x00007ffb9eb70000 - 0x00007ffb9eb7a000 	C:\windows\SYSTEM32\VERSION.dll
0x00007ffba3440000 - 0x00007ffba346a000 	C:\windows\SYSTEM32\WINMMBASE.dll
0x00007ffba6ec0000 - 0x00007ffba6f09000 	C:\windows\System32\cfgmgr32.dll
0x0000000063020000 - 0x000000006302f000 	C:\Program Files\Java\jre1.8.0_121\bin\verify.dll
0x0000000062ff0000 - 0x0000000063019000 	C:\Program Files\Java\jre1.8.0_121\bin\java.dll
0x0000000062fd0000 - 0x0000000062fe6000 	C:\Program Files\Java\jre1.8.0_121\bin\zip.dll

VM Arguments:
jvm_args: -ea -Dfile.encoding=Cp1252 
java_command: org.testng.remote.RemoteTestNG -serport 63928 -protocol json -d C:\Users\Deep.Shukla\Automation\Git\maven\test-output C:\Users\Deep.Shukla\Automation\Git\maven\Testng.xml
java_class_path (initial): C:\Users\Deep.Shukla\Desktop\software\eclipse-java-neon-3-win32-x86_64\eclipse\configuration\org.eclipse.osgi\490\0\.cp\lib\testng-remote.jar;C:\Users\Deep.Shukla\Automation\Git\maven\target\test-classes;C:\Users\Deep.Shukla\Automation\Git\maven\target\classes;C:\Users\Deep.Shukla\Desktop\software\eclipse-java-neon-3-win32-x86_64\eclipse\plugins\org.testng_6.14.2.r201802161450.jar;C:\Users\Deep.Shukla\Desktop\software\eclipse-java-neon-3-win32-x86_64\eclipse\plugins\com.beust.jcommander_1.72.0.jar;C:\Users\Deep.Shukla\Desktop\software\eclipse-java-neon-3-win32-x86_64\eclipse\plugins\org.apache-extras.beanshell.bsh_2.0.0.b6.jar;C:\Users\Deep.Shukla\Desktop\software\eclipse-java-neon-3-win32-x86_64\eclipse\plugins\org.yaml.snakeyaml_1.17.0.jar;C:\Users\Deep.Shukla\Automation\excelkeyword\libs\java-client-6.1.0.jar;C:\Users\Deep.Shukla\Automation\excelkeyword\libs\selenium-server-standalone-3.11.0.jar;C:\Users\Deep.Shukla\.m2\repository\org\seleniumhq\selenium\selenium-server\3.141.59\selenium-server-3.141.59.jar;C:\Users\Deep.Shukla\.m2\repository\org\seleniumhq\selenium\selenium-java\3.141.59\selenium-java-3.141.59.jar;C:\Users\Deep.Shukla\.m2\repository\org\seleniumhq\selenium\selenium-api\3.141.59\selenium-api-3.141.59.jar;C:\Users\Deep.Shukla\.m2\repository\org\seleniumhq\selenium\selenium-chrome-driver\3.141.59\selenium-chrome-driver-3.141.59.jar;C:\Users\Deep.Shukla\.m2\repository\org\seleniumhq\selenium\selenium-edge-driver\3.141.59\selenium-edge-driver-3.141.59.jar;C:\Users\Deep.Shukla\.m2\repository\org\seleniumhq\selenium\selenium-firefox-driver\3.141.59\selenium-firefox-driver-3.141.59.jar;C:\Users\Deep.Shukla\.m2\repository\org\seleniumhq\selenium\selenium-ie-driver\3.141.59\selenium-ie-driver-3.141.59.jar;C:\Users\Deep.Shukla\.m2\repository\org\seleniumhq\selenium\selenium-opera-driver\3.141.59\selenium-opera-driver-3.141.59.jar;C:\Users\Deep.Shukla\.m2\repository\org\seleniumhq\selenium\selenium-remote-driver\3.141.59\seleniu
Launcher Type: SUN_STANDARD

Environment Variables:
PATH=C:/Program Files/Java/jre1.8.0_121/bin/server;C:/Program Files/Java/jre1.8.0_121/bin;C:/Program Files/Java/jre1.8.0_121/lib/amd64;C:\Program Files (x86)\Common Files\Oracle\Java\javapath;C:\windows\system32;C:\windows;C:\windows\System32\Wbem;C:\windows\System32\WindowsPowerShell\v1.0\;C:\windows\System32\OpenSSH\;c:\Program Files\Microsoft SQL Server\110\Tools\Binn\;c:\Program Files (x86)\Microsoft SQL Server\110\Tools\Binn\ManagementStudio\;c:\Program Files (x86)\Microsoft SQL Server\110\Tools\Binn\;c:\Program Files (x86)\Microsoft SQL Server\110\DTS\Binn\;C:\Program Files\TortoiseGit\bin;C:\Program Files\Git\cmd;C:\Users\Deep.Shukla\AppData\Local\Microsoft\WindowsApps;;C:\Users\Deep.Shukla\Desktop\software\eclipse-java-neon-3-win32-x86_64\eclipse;
USERNAME=Deep.Shukla
OS=Windows_NT
PROCESSOR_IDENTIFIER=Intel64 Family 6 Model 79 Stepping 1, GenuineIntel



---------------  S Y S T E M  ---------------

OS: Windows 10.0 , 64 bit Build 17134 (10.0.17134.706)

CPU:total 2 (2 cores per cpu, 1 threads per core) family 6 model 79 stepping 1, cmov, cx8, fxsr, mmx, sse, sse2, sse3, ssse3, sse4.1, sse4.2, popcnt, avx, avx2, aes, clmul, erms, rtm, 3dnowpref, lzcnt, tsc, bmi1, bmi2, adx

Memory: 4k page, physical 8388148k(2512624k free), swap 10485160k(5452k free)

vm_info: Java HotSpot(TM) 64-Bit Server VM (25.121-b13) for windows-amd64 JRE (1.8.0_121-b13), built on Dec 12 2016 18:21:36 by "java_re" with MS VC++ 10.0 (VS2010)

time: Mon May 06 15:18:25 2019
elapsed time: 0 seconds (0d 0h 0m 0s)

