#
# There is insufficient memory for the Java Runtime Environment to continue.
# Native memory allocation (malloc) failed to allocate 429936 bytes for Chunk::new
# Possible reasons:
#   The system is out of physical RAM or swap space
#   In 32 bit mode, the process size limit was hit
# Possible solutions:
#   Reduce memory load on the system
#   Increase physical memory or swap space
#   Check if swap backing store is full
#   Use 64 bit Java on a 64 bit OS
#   Decrease Java heap size (-Xmx/-Xms)
#   Decrease number of Java threads
#   Decrease Java thread stack sizes (-Xss)
#   Set larger code cache with -XX:ReservedCodeCacheSize=
# This output file may be truncated or incomplete.
#
#  Out of Memory Error (allocation.cpp:390), pid=19356, tid=0x00000000000044b8
#
# JRE version: Java(TM) SE Runtime Environment (8.0_121-b13) (build 1.8.0_121-b13)
# Java VM: Java HotSpot(TM) 64-Bit Server VM (25.121-b13 mixed mode windows-amd64 compressed oops)
# Failed to write core dump. Minidumps are not enabled by default on client versions of Windows
#

---------------  T H R E A D  ---------------

Current thread (0x00000000172de800):  JavaThread "C2 CompilerThread0" daemon [_thread_in_native, id=17592, stack(0x0000000018310000,0x0000000018410000)]

Stack: [0x0000000018310000,0x0000000018410000]
[error occurred during error reporting (printing stack bounds), id 0xc0000005]

Native frames: (J=compiled Java code, j=interpreted, Vv=VM code, C=native code)


Current CompileTask:
C2:   1299  740       4       java.io.WinNTFileSystem::normalize (143 bytes)


---------------  P R O C E S S  ---------------

Java Threads: ( => current thread )
  0x0000000018d8c000 JavaThread "ReaderThread" [_thread_in_native, id=11976, stack(0x0000000019750000,0x0000000019850000)]
  0x0000000017346800 JavaThread "Service Thread" daemon [_thread_blocked, id=18716, stack(0x0000000018510000,0x0000000018610000)]
  0x00000000172e4800 JavaThread "C1 CompilerThread1" daemon [_thread_blocked, id=2752, stack(0x0000000018410000,0x0000000018510000)]
=>0x00000000172de800 JavaThread "C2 CompilerThread0" daemon [_thread_in_native, id=17592, stack(0x0000000018310000,0x0000000018410000)]
  0x00000000172dc800 JavaThread "Attach Listener" daemon [_thread_blocked, id=13100, stack(0x0000000018210000,0x0000000018310000)]
  0x00000000172d9800 JavaThread "Signal Dispatcher" daemon [_thread_blocked, id=16884, stack(0x0000000018110000,0x0000000018210000)]
  0x00000000172c8800 JavaThread "Finalizer" daemon [_thread_blocked, id=17776, stack(0x0000000017f20000,0x0000000018020000)]
  0x00000000028f0800 JavaThread "Reference Handler" daemon [_thread_blocked, id=17388, stack(0x0000000017e20000,0x0000000017f20000)]
  0x0000000002803800 JavaThread "main" [_thread_in_native, id=10796, stack(0x00000000026f0000,0x00000000027f0000)]

Other Threads:
  0x00000000172a6000 VMThread [stack: 0x0000000017d20000,0x0000000017e20000] [id=17732]
  0x000000001737b800 WatcherThread [stack: 0x0000000018610000,0x0000000018710000] [id=9412]

VM state:not at safepoint (normal execution)

VM Mutex/Monitor currently owned by a thread: None

Heap:
 PSYoungGen      total 38400K, used 29460K [0x00000000d5580000, 0x00000000d8000000, 0x0000000100000000)
  eden space 33280K, 88% used [0x00000000d5580000,0x00000000d72450c0,0x00000000d7600000)
  from space 5120K, 0% used [0x00000000d7b00000,0x00000000d7b00000,0x00000000d8000000)
  to   space 5120K, 0% used [0x00000000d7600000,0x00000000d7600000,0x00000000d7b00000)
 ParOldGen       total 87552K, used 0K [0x0000000080000000, 0x0000000085580000, 0x00000000d5580000)
  object space 87552K, 0% used [0x0000000080000000,0x0000000080000000,0x0000000085580000)
 Metaspace       used 10387K, capacity 10448K, committed 10496K, reserved 1058816K
  class space    used 1254K, capacity 1266K, committed 1280K, reserved 1048576K

Card table byte_map: [0x0000000011cc0000,0x00000000120d0000] byte_map_base: 0x00000000118c0000

Marking Bits: (ParMarkBitMap*) 0x000000006384b6d0
 Begin Bits: [0x0000000012580000, 0x0000000014580000)
 End Bits:   [0x0000000014580000, 0x0000000016580000)

Polling page: 0x0000000000d10000

CodeCache: size=245760Kb used=3029Kb max_used=3041Kb free=242730Kb
 bounds [0x0000000002900000, 0x0000000002c00000, 0x0000000011900000]
 total_blobs=1079 nmethods=740 adapters=253
 compilation: enabled

Compilation events (10 events):
Event: 1.272 Thread 0x00000000172e4800  737       3       java.util.regex.Pattern$Ctype::isSatisfiedBy (24 bytes)
Event: 1.272 Thread 0x00000000172e4800 nmethod 737 0x0000000002bf0a50 code [0x0000000002bf0bc0, 0x0000000002bf0f50]
Event: 1.272 Thread 0x00000000172e4800  738       3       org.apache.xerces.dom.NodeImpl::isOwned (16 bytes)
Event: 1.272 Thread 0x00000000172e4800 nmethod 738 0x0000000002bf0650 code [0x0000000002bf07a0, 0x0000000002bf0950]
Event: 1.273 Thread 0x00000000172e4800  739       3       org.apache.xerces.dom.DeferredDocumentImpl::clearChunkIndex (57 bytes)
Event: 1.273 Thread 0x00000000172e4800 nmethod 739 0x0000000002bf2490 code [0x0000000002bf2620, 0x0000000002bf2a30]
Event: 1.282 Thread 0x00000000172de800 nmethod 734 0x0000000002bfa2d0 code [0x0000000002bfa460, 0x0000000002bfadb8]
Event: 1.282 Thread 0x00000000172de800  740       4       java.io.WinNTFileSystem::normalize (143 bytes)
Event: 1.287 Thread 0x00000000172e4800  741       3       java.util.regex.Pattern$Node::study (21 bytes)
Event: 1.287 Thread 0x00000000172e4800 nmethod 741 0x0000000002bf1fd0 code [0x0000000002bf2140, 0x0000000002bf23a8]

GC Heap History (0 events):
No events

Deoptimization events (5 events):
Event: 0.389 Thread 0x0000000002803800 Uncommon trap: reason=unstable_if action=reinterpret pc=0x0000000002a575e8 method=java.lang.String.startsWith(Ljava/lang/String;I)Z @ 25
Event: 0.824 Thread 0x0000000002803800 Uncommon trap: reason=unstable_if action=reinterpret pc=0x0000000002ab6bd4 method=java.lang.String.indexOf([CII[CIII)I @ 3
Event: 0.856 Thread 0x0000000002803800 Uncommon trap: reason=unstable_if action=reinterpret pc=0x0000000002b012e4 method=java.io.WinNTFileSystem.normalize(Ljava/lang/String;)Ljava/lang/String; @ 128
Event: 1.086 Thread 0x0000000002803800 Uncommon trap: reason=unstable_if action=reinterpret pc=0x0000000002bad1cc method=java.util.concurrent.ConcurrentHashMap.get(Ljava/lang/Object;)Ljava/lang/Object; @ 118
Event: 1.088 Thread 0x0000000002803800 Uncommon trap: reason=range_check action=make_not_entrant pc=0x0000000002b7cee0 method=sun.reflect.generics.parser.SignatureParser.current()C @ 34

Internal exceptions (10 events):
Event: 0.338 Thread 0x0000000002803800 Exception <a 'java/security/PrivilegedActionException'> (0x00000000d591f6d8) thrown at [C:\re\workspace\8-2-build-windows-amd64-cygwin\jdk8u121\8372\hotspot\src\share\vm\prims\jvm.cpp, line 1390]
Event: 0.338 Thread 0x0000000002803800 Exception <a 'java/security/PrivilegedActionException'> (0x00000000d591f8e8) thrown at [C:\re\workspace\8-2-build-windows-amd64-cygwin\jdk8u121\8372\hotspot\src\share\vm\prims\jvm.cpp, line 1390]
Event: 0.339 Thread 0x0000000002803800 Exception <a 'java/security/PrivilegedActionException'> (0x00000000d5920850) thrown at [C:\re\workspace\8-2-build-windows-amd64-cygwin\jdk8u121\8372\hotspot\src\share\vm\prims\jvm.cpp, line 1390]
Event: 0.339 Thread 0x0000000002803800 Exception <a 'java/security/PrivilegedActionException'> (0x00000000d5920a60) thrown at [C:\re\workspace\8-2-build-windows-amd64-cygwin\jdk8u121\8372\hotspot\src\share\vm\prims\jvm.cpp, line 1390]
Event: 0.339 Thread 0x0000000002803800 Exception <a 'java/security/PrivilegedActionException'> (0x00000000d5921a00) thrown at [C:\re\workspace\8-2-build-windows-amd64-cygwin\jdk8u121\8372\hotspot\src\share\vm\prims\jvm.cpp, line 1390]
Event: 0.339 Thread 0x0000000002803800 Exception <a 'java/security/PrivilegedActionException'> (0x00000000d5921c10) thrown at [C:\re\workspace\8-2-build-windows-amd64-cygwin\jdk8u121\8372\hotspot\src\share\vm\prims\jvm.cpp, line 1390]
Event: 1.086 Thread 0x0000000002803800 Implicit null exception at 0x0000000002baceef to 0x0000000002bad1a5
Event: 1.088 Thread 0x0000000002803800 Exception <a 'java/lang/ArrayIndexOutOfBoundsException': 65> (0x00000000d67e4460) thrown at [C:\re\workspace\8-2-build-windows-amd64-cygwin\jdk8u121\8372\hotspot\src\share\vm\interpreter\interpreterRuntime.cpp, line 366]
Event: 1.089 Thread 0x0000000002803800 Exception <a 'java/lang/ArrayIndexOutOfBoundsException': 60> (0x00000000d67e9f08) thrown at [C:\re\workspace\8-2-build-windows-amd64-cygwin\jdk8u121\8372\hotspot\src\share\vm\interpreter\interpreterRuntime.cpp, line 366]
Event: 1.189 Thread 0x0000000002803800 Exception <a 'java/lang/ClassCastException': com.sun.org.apache.xerces.internal.util.SecurityManager cannot be cast to org.apache.xerces.util.SecurityManager> (0x00000000d6d6f510) thrown at [C:\re\workspace\8-2-build-windows-amd64-cygwin\jdk8u121\8372\hot

Events (10 events):
Event: 1.293 loading class org/apache/poi/xssf/usermodel/XSSFChartSheet
Event: 1.293 loading class org/apache/poi/xssf/usermodel/XSSFChartSheet done
Event: 1.293 loading class org/apache/poi/xssf/model/SharedStringsTable
Event: 1.293 loading class org/apache/poi/xssf/model/SharedStringsTable done
Event: 1.294 loading class org/apache/poi/xssf/model/StylesTable
Event: 1.294 loading class org/apache/poi/xssf/model/StylesTable done
Event: 1.295 loading class org/apache/poi/xssf/usermodel/XSSFVMLDrawing
Event: 1.295 loading class org/apache/poi/xssf/usermodel/XSSFVMLDrawing done
Event: 1.295 loading class org/apache/poi/xssf/usermodel/XSSFChart
Event: 1.295 loading class org/apache/poi/xssf/usermodel/XSSFChart done


Dynamic libraries:
0x00007ff689c60000 - 0x00007ff689c97000 	C:\Program Files\Java\jre1.8.0_121\bin\javaw.exe
0x00007ffbaa2c0000 - 0x00007ffbaa4a1000 	C:\windows\SYSTEM32\ntdll.dll
0x00007ffba8e90000 - 0x00007ffba8f41000 	C:\windows\System32\KERNEL32.DLL
0x00007ffba7260000 - 0x00007ffba74d3000 	C:\windows\System32\KERNELBASE.dll
0x00007ffba8d90000 - 0x00007ffba8e31000 	C:\windows\System32\ADVAPI32.dll
0x00007ffba9130000 - 0x00007ffba91ce000 	C:\windows\System32\msvcrt.dll
0x00007ffba98b0000 - 0x00007ffba990b000 	C:\windows\System32\sechost.dll
0x00007ffba93e0000 - 0x00007ffba9504000 	C:\windows\System32\RPCRT4.dll
0x00007ffba9920000 - 0x00007ffba9ab0000 	C:\windows\System32\USER32.dll
0x00007ffba6730000 - 0x00007ffba6750000 	C:\windows\System32\win32u.dll
0x00007ffba91d0000 - 0x00007ffba91f8000 	C:\windows\System32\GDI32.dll
0x00007ffba70c0000 - 0x00007ffba7252000 	C:\windows\System32\gdi32full.dll
0x00007ffba6690000 - 0x00007ffba672f000 	C:\windows\System32\msvcp_win.dll
0x00007ffba6f10000 - 0x00007ffba7008000 	C:\windows\System32\ucrtbase.dll
0x00007ffb9b8f0000 - 0x00007ffb9bb59000 	C:\windows\WinSxS\amd64_microsoft.windows.common-controls_6595b64144ccf1df_6.0.17134.706_none_fb43a2cb30647007\COMCTL32.dll
0x00007ffba9510000 - 0x00007ffba9832000 	C:\windows\System32\combase.dll
0x00007ffba76d0000 - 0x00007ffba774a000 	C:\windows\System32\bcryptPrimitives.dll
0x00007ffba8e60000 - 0x00007ffba8e8d000 	C:\windows\System32\IMM32.DLL
0x0000000062e70000 - 0x0000000062f42000 	C:\Program Files\Java\jre1.8.0_121\bin\msvcr100.dll
0x0000000063030000 - 0x00000000638cb000 	C:\Program Files\Java\jre1.8.0_121\bin\server\jvm.dll
0x00007ffba9910000 - 0x00007ffba9918000 	C:\windows\System32\PSAPI.DLL
0x00007ffb9a170000 - 0x00007ffb9a179000 	C:\windows\SYSTEM32\WSOCK32.dll
0x00007ffba9840000 - 0x00007ffba98ac000 	C:\windows\System32\WS2_32.dll
0x00007ffba3470000 - 0x00007ffba3493000 	C:\windows\SYSTEM32\WINMM.dll
0x00007ffb9eb70000 - 0x00007ffb9eb7a000 	C:\windows\SYSTEM32\VERSION.dll
0x00007ffba3440000 - 0x00007ffba346a000 	C:\windows\SYSTEM32\WINMMBASE.dll
0x00007ffba6ec0000 - 0x00007ffba6f09000 	C:\windows\System32\cfgmgr32.dll
0x0000000063020000 - 0x000000006302f000 	C:\Program Files\Java\jre1.8.0_121\bin\verify.dll
0x0000000062ff0000 - 0x0000000063019000 	C:\Program Files\Java\jre1.8.0_121\bin\java.dll
0x0000000062fd0000 - 0x0000000062fe6000 	C:\Program Files\Java\jre1.8.0_121\bin\zip.dll
0x00007ffba78f0000 - 0x00007ffba8d30000 	C:\windows\System32\SHELL32.dll
0x00007ffbaa060000 - 0x00007ffbaa109000 	C:\windows\System32\shcore.dll
0x00007ffba67b0000 - 0x00007ffba6ebd000 	C:\windows\System32\windows.storage.dll
0x00007ffba8f50000 - 0x00007ffba8fa1000 	C:\windows\System32\shlwapi.dll
0x00007ffba6670000 - 0x00007ffba6681000 	C:\windows\System32\kernel.appcore.dll
0x00007ffba6630000 - 0x00007ffba664f000 	C:\windows\System32\profapi.dll
0x00007ffba65d0000 - 0x00007ffba661c000 	C:\windows\System32\powrprof.dll
0x00007ffba6620000 - 0x00007ffba662a000 	C:\windows\System32\FLTLIB.DLL
0x0000000062fb0000 - 0x0000000062fca000 	C:\Program Files\Java\jre1.8.0_121\bin\net.dll
0x00007ffba5df0000 - 0x00007ffba5e56000 	C:\windows\system32\mswsock.dll
0x00007ffba5bb0000 - 0x00007ffba5c6e000 	C:\windows\SYSTEM32\DNSAPI.dll
0x00007ffba8e50000 - 0x00007ffba8e58000 	C:\windows\System32\NSI.dll
0x00007ffba5b70000 - 0x00007ffba5ba8000 	C:\windows\SYSTEM32\IPHLPAPI.DLL
0x00007ffb9f150000 - 0x00007ffb9f15a000 	C:\Windows\System32\rasadhlp.dll
0x00007ffb9e970000 - 0x00007ffb9e9e2000 	C:\windows\System32\fwpuclnt.dll
0x00007ffba60d0000 - 0x00007ffba60f5000 	C:\windows\SYSTEM32\bcrypt.dll
0x00007ffba5fb0000 - 0x00007ffba5fc7000 	C:\windows\SYSTEM32\CRYPTSP.dll
0x00007ffba59d0000 - 0x00007ffba5a03000 	C:\windows\system32\rsaenh.dll
0x00007ffba6500000 - 0x00007ffba6528000 	C:\windows\SYSTEM32\USERENV.dll
0x00007ffba5fa0000 - 0x00007ffba5fab000 	C:\windows\SYSTEM32\CRYPTBASE.dll
0x00007ffb9f790000 - 0x00007ffb9f7a6000 	C:\windows\SYSTEM32\dhcpcsvc6.DLL
0x00007ffb9f750000 - 0x00007ffb9f76a000 	C:\windows\SYSTEM32\dhcpcsvc.DLL
0x0000000062f90000 - 0x0000000062fa1000 	C:\Program Files\Java\jre1.8.0_121\bin\nio.dll

VM Arguments:
jvm_args: -ea -Dfile.encoding=Cp1252 
java_command: org.testng.remote.RemoteTestNG -serport 61374 -protocol json -d C:\Users\Deep.Shukla\Automation\Git\maven\test-output C:\Users\Deep.Shukla\Automation\Git\maven\Testng.xml
java_class_path (initial): C:\Users\Deep.Shukla\Desktop\software\eclipse-java-neon-3-win32-x86_64\eclipse\configuration\org.eclipse.osgi\490\0\.cp\lib\testng-remote.jar;C:\Users\Deep.Shukla\Automation\Git\maven\target\test-classes;C:\Users\Deep.Shukla\Automation\Git\maven\target\classes;C:\Users\Deep.Shukla\Desktop\software\eclipse-java-neon-3-win32-x86_64\eclipse\plugins\org.testng_6.14.2.r201802161450.jar;C:\Users\Deep.Shukla\Desktop\software\eclipse-java-neon-3-win32-x86_64\eclipse\plugins\com.beust.jcommander_1.72.0.jar;C:\Users\Deep.Shukla\Desktop\software\eclipse-java-neon-3-win32-x86_64\eclipse\plugins\org.apache-extras.beanshell.bsh_2.0.0.b6.jar;C:\Users\Deep.Shukla\Desktop\software\eclipse-java-neon-3-win32-x86_64\eclipse\plugins\org.yaml.snakeyaml_1.17.0.jar;C:\Users\Deep.Shukla\Automation\excelkeyword\libs\java-client-6.1.0.jar;C:\Users\Deep.Shukla\Automation\excelkeyword\libs\selenium-server-standalone-3.11.0.jar;C:\Users\Deep.Shukla\.m2\repository\org\seleniumhq\selenium\selenium-server\3.141.59\selenium-server-3.141.59.jar;C:\Users\Deep.Shukla\.m2\repository\org\seleniumhq\selenium\selenium-java\3.141.59\selenium-java-3.141.59.jar;C:\Users\Deep.Shukla\.m2\repository\org\seleniumhq\selenium\selenium-api\3.141.59\selenium-api-3.141.59.jar;C:\Users\Deep.Shukla\.m2\repository\org\seleniumhq\selenium\selenium-chrome-driver\3.141.59\selenium-chrome-driver-3.141.59.jar;C:\Users\Deep.Shukla\.m2\repository\org\seleniumhq\selenium\selenium-edge-driver\3.141.59\selenium-edge-driver-3.141.59.jar;C:\Users\Deep.Shukla\.m2\repository\org\seleniumhq\selenium\selenium-firefox-driver\3.141.59\selenium-firefox-driver-3.141.59.jar;C:\Users\Deep.Shukla\.m2\repository\org\seleniumhq\selenium\selenium-ie-driver\3.141.59\selenium-ie-driver-3.141.59.jar;C:\Users\Deep.Shukla\.m2\repository\org\seleniumhq\selenium\selenium-opera-driver\3.141.59\selenium-opera-driver-3.141.59.jar;C:\Users\Deep.Shukla\.m2\repository\org\seleniumhq\selenium\selenium-remote-driver\3.141.59\seleniu
Launcher Type: SUN_STANDARD

Environment Variables:
PATH=C:/Program Files/Java/jre1.8.0_121/bin/server;C:/Program Files/Java/jre1.8.0_121/bin;C:/Program Files/Java/jre1.8.0_121/lib/amd64;C:\Program Files (x86)\Common Files\Oracle\Java\javapath;C:\windows\system32;C:\windows;C:\windows\System32\Wbem;C:\windows\System32\WindowsPowerShell\v1.0\;C:\windows\System32\OpenSSH\;c:\Program Files\Microsoft SQL Server\110\Tools\Binn\;c:\Program Files (x86)\Microsoft SQL Server\110\Tools\Binn\ManagementStudio\;c:\Program Files (x86)\Microsoft SQL Server\110\Tools\Binn\;c:\Program Files (x86)\Microsoft SQL Server\110\DTS\Binn\;C:\Program Files\TortoiseGit\bin;C:\Program Files\Git\cmd;C:\Users\Deep.Shukla\AppData\Local\Microsoft\WindowsApps;;C:\Users\Deep.Shukla\Desktop\software\eclipse-java-neon-3-win32-x86_64\eclipse;
USERNAME=Deep.Shukla
OS=Windows_NT
PROCESSOR_IDENTIFIER=Intel64 Family 6 Model 79 Stepping 1, GenuineIntel



---------------  S Y S T E M  ---------------

OS: Windows 10.0 , 64 bit Build 17134 (10.0.17134.706)

CPU:total 2 (2 cores per cpu, 1 threads per core) family 6 model 79 stepping 1, cmov, cx8, fxsr, mmx, sse, sse2, sse3, ssse3, sse4.1, sse4.2, popcnt, avx, avx2, aes, clmul, erms, rtm, 3dnowpref, lzcnt, tsc, bmi1, bmi2, adx

Memory: 4k page, physical 8388148k(2123184k free), swap 10485160k(5184k free)

vm_info: Java HotSpot(TM) 64-Bit Server VM (25.121-b13) for windows-amd64 JRE (1.8.0_121-b13), built on Dec 12 2016 18:21:36 by "java_re" with MS VC++ 10.0 (VS2010)

time: Mon May 06 14:27:36 2019
elapsed time: 1 seconds (0d 0h 0m 1s)

