#
# There is insufficient memory for the Java Runtime Environment to continue.
# Native memory allocation (malloc) failed to allocate 66016 bytes for Chunk::new
# Possible reasons:
#   The system is out of physical RAM or swap space
#   In 32 bit mode, the process size limit was hit
# Possible solutions:
#   Reduce memory load on the system
#   Increase physical memory or swap space
#   Check if swap backing store is full
#   Use 64 bit Java on a 64 bit OS
#   Decrease Java heap size (-Xmx/-Xms)
#   Decrease number of Java threads
#   Decrease Java thread stack sizes (-Xss)
#   Set larger code cache with -XX:ReservedCodeCacheSize=
# This output file may be truncated or incomplete.
#
#  Out of Memory Error (allocation.cpp:390), pid=17216, tid=0x0000000000003bb0
#
# JRE version: Java(TM) SE Runtime Environment (8.0_121-b13) (build 1.8.0_121-b13)
# Java VM: Java HotSpot(TM) 64-Bit Server VM (25.121-b13 mixed mode windows-amd64 compressed oops)
# Failed to write core dump. Minidumps are not enabled by default on client versions of Windows
#

---------------  T H R E A D  ---------------

Current thread (0x0000000017770000):  JavaThread "C2 CompilerThread0" daemon [_thread_in_native, id=15280, stack(0x00000000187a0000,0x00000000188a0000)]

Stack: [0x00000000187a0000,0x00000000188a0000]
[error occurred during error reporting (printing stack bounds), id 0xc0000005]

Native frames: (J=compiled Java code, j=interpreted, Vv=VM code, C=native code)


Current CompileTask:
C2:  17073 2012       4       java.util.regex.Pattern$Slice::match (79 bytes)


---------------  P R O C E S S  ---------------

Java Threads: ( => current thread )
  0x000000001a48a800 JavaThread "Okio Watchdog" daemon [_thread_blocked, id=13184, stack(0x000000001beb0000,0x000000001bfb0000)]
  0x000000001a489800 JavaThread "OkHttp ConnectionPool" daemon [_thread_blocked, id=16964, stack(0x000000001bdb0000,0x000000001beb0000)]
  0x000000001a499000 JavaThread "Exec Stream Pumper" daemon [_thread_in_native, id=4496, stack(0x000000001b9b0000,0x000000001bab0000)]
  0x000000001a498800 JavaThread "Exec Stream Pumper" daemon [_thread_in_native, id=12012, stack(0x000000001b8b0000,0x000000001b9b0000)]
  0x000000001a393000 JavaThread "UrlChecker-2" daemon [_thread_blocked, id=17164, stack(0x000000001b7b0000,0x000000001b8b0000)]
  0x000000001a38a000 JavaThread "Exec Default Executor" daemon [_thread_in_native, id=9804, stack(0x000000001b6b0000,0x000000001b7b0000)]
  0x00000000191fa000 JavaThread "ReaderThread" [_thread_in_native, id=16304, stack(0x0000000019be0000,0x0000000019ce0000)]
  0x00000000177d9000 JavaThread "Service Thread" daemon [_thread_blocked, id=10264, stack(0x00000000189a0000,0x0000000018aa0000)]
  0x0000000017775800 JavaThread "C1 CompilerThread1" daemon [_thread_blocked, id=6376, stack(0x00000000188a0000,0x00000000189a0000)]
=>0x0000000017770000 JavaThread "C2 CompilerThread0" daemon [_thread_in_native, id=15280, stack(0x00000000187a0000,0x00000000188a0000)]
  0x000000001776c800 JavaThread "Attach Listener" daemon [_thread_blocked, id=7008, stack(0x00000000186a0000,0x00000000187a0000)]
  0x0000000017769800 JavaThread "Signal Dispatcher" daemon [_thread_blocked, id=9372, stack(0x00000000185a0000,0x00000000186a0000)]
  0x0000000017758800 JavaThread "Finalizer" daemon [_thread_blocked, id=11780, stack(0x00000000183b0000,0x00000000184b0000)]
  0x0000000002d80800 JavaThread "Reference Handler" daemon [_thread_blocked, id=8952, stack(0x00000000182b0000,0x00000000183b0000)]
  0x0000000002c93800 JavaThread "main" [_thread_in_Java, id=14760, stack(0x0000000002ab0000,0x0000000002bb0000)]

Other Threads:
  0x0000000017736000 VMThread [stack: 0x00000000181b0000,0x00000000182b0000] [id=15548]
  0x000000001780d800 WatcherThread [stack: 0x0000000018ea0000,0x0000000018fa0000] [id=12328]

VM state:not at safepoint (normal execution)

VM Mutex/Monitor currently owned by a thread: None

Heap:
 PSYoungGen      total 71680K, used 17308K [0x00000000d5580000, 0x00000000de180000, 0x0000000100000000)
  eden space 66560K, 26% used [0x00000000d5580000,0x00000000d66673b0,0x00000000d9680000)
  from space 5120K, 0% used [0x00000000d9680000,0x00000000d9680000,0x00000000d9b80000)
  to   space 5120K, 0% used [0x00000000ddc80000,0x00000000ddc80000,0x00000000de180000)
 ParOldGen       total 63488K, used 7752K [0x0000000080000000, 0x0000000083e00000, 0x00000000d5580000)
  object space 63488K, 12% used [0x0000000080000000,0x0000000080792008,0x0000000083e00000)
 Metaspace       used 23076K, capacity 23940K, committed 24192K, reserved 1071104K
  class space    used 2974K, capacity 3184K, committed 3200K, reserved 1048576K

Card table byte_map: [0x0000000012150000,0x0000000012560000] byte_map_base: 0x0000000011d50000

Marking Bits: (ParMarkBitMap*) 0x000000007740b6d0
 Begin Bits: [0x0000000012a10000, 0x0000000014a10000)
 End Bits:   [0x0000000014a10000, 0x0000000016a10000)

Polling page: 0x00000000011f0000

CodeCache: size=245760Kb used=6545Kb max_used=6545Kb free=239214Kb
 bounds [0x0000000002d90000, 0x0000000003400000, 0x0000000011d90000]
 total_blobs=2455 nmethods=2012 adapters=356
 compilation: enabled

Compilation events (10 events):
Event: 17.065 Thread 0x0000000017775800 nmethod 2007 0x00000000033f2190 code [0x00000000033f24c0, 0x00000000033f3798]
Event: 17.065 Thread 0x0000000017775800 2008   !   3       java.util.Formatter$FormatSpecifier::index (53 bytes)
Event: 17.065 Thread 0x0000000017775800 nmethod 2008 0x00000000033effd0 code [0x00000000033f0160, 0x00000000033f05d8]
Event: 17.065 Thread 0x0000000017775800 2009       3       java.util.Formatter$FormatSpecifier::print (243 bytes)
Event: 17.066 Thread 0x0000000017775800 nmethod 2009 0x00000000033ef110 code [0x00000000033ef360, 0x00000000033efc28]
Event: 17.066 Thread 0x0000000017775800 2010       3       java.util.Formatter$FormatSpecifier::justify (105 bytes)
Event: 17.067 Thread 0x0000000017775800 nmethod 2010 0x00000000033f4010 code [0x00000000033f42c0, 0x00000000033f5738]
Event: 17.067 Thread 0x0000000017775800 2011       3       java.util.Formatter::ensureOpen (16 bytes)
Event: 17.067 Thread 0x0000000017775800 nmethod 2011 0x00000000033f6450 code [0x00000000033f65c0, 0x00000000033f67c8]
Event: 17.068 Thread 0x0000000017770000 2012       4       java.util.regex.Pattern$Slice::match (79 bytes)

GC Heap History (8 events):
Event: 1.207 GC heap before
{Heap before GC invocations=1 (full 0):
 PSYoungGen      total 38400K, used 33280K [0x00000000d5580000, 0x00000000d8000000, 0x0000000100000000)
  eden space 33280K, 100% used [0x00000000d5580000,0x00000000d7600000,0x00000000d7600000)
  from space 5120K, 0% used [0x00000000d7b00000,0x00000000d7b00000,0x00000000d8000000)
  to   space 5120K, 0% used [0x00000000d7600000,0x00000000d7600000,0x00000000d7b00000)
 ParOldGen       total 87552K, used 0K [0x0000000080000000, 0x0000000085580000, 0x00000000d5580000)
  object space 87552K, 0% used [0x0000000080000000,0x0000000080000000,0x0000000085580000)
 Metaspace       used 11624K, capacity 11712K, committed 11904K, reserved 1060864K
  class space    used 1349K, capacity 1394K, committed 1408K, reserved 1048576K
Event: 1.224 GC heap after
Heap after GC invocations=1 (full 0):
 PSYoungGen      total 38400K, used 5101K [0x00000000d5580000, 0x00000000da080000, 0x0000000100000000)
  eden space 33280K, 0% used [0x00000000d5580000,0x00000000d5580000,0x00000000d7600000)
  from space 5120K, 99% used [0x00000000d7600000,0x00000000d7afb568,0x00000000d7b00000)
  to   space 5120K, 0% used [0x00000000d9b80000,0x00000000d9b80000,0x00000000da080000)
 ParOldGen       total 87552K, used 2164K [0x0000000080000000, 0x0000000085580000, 0x00000000d5580000)
  object space 87552K, 2% used [0x0000000080000000,0x000000008021d340,0x0000000085580000)
 Metaspace       used 11624K, capacity 11712K, committed 11904K, reserved 1060864K
  class space    used 1349K, capacity 1394K, committed 1408K, reserved 1048576K
}
Event: 1.991 GC heap before
{Heap before GC invocations=2 (full 0):
 PSYoungGen      total 38400K, used 38381K [0x00000000d5580000, 0x00000000da080000, 0x0000000100000000)
  eden space 33280K, 100% used [0x00000000d5580000,0x00000000d7600000,0x00000000d7600000)
  from space 5120K, 99% used [0x00000000d7600000,0x00000000d7afb568,0x00000000d7b00000)
  to   space 5120K, 0% used [0x00000000d9b80000,0x00000000d9b80000,0x00000000da080000)
 ParOldGen       total 87552K, used 2164K [0x0000000080000000, 0x0000000085580000, 0x00000000d5580000)
  object space 87552K, 2% used [0x0000000080000000,0x000000008021d340,0x0000000085580000)
 Metaspace       used 18420K, capacity 18662K, committed 18816K, reserved 1064960K
  class space    used 2284K, capacity 2361K, committed 2432K, reserved 1048576K
Event: 2.007 GC heap after
Heap after GC invocations=2 (full 0):
 PSYoungGen      total 71680K, used 5104K [0x00000000d5580000, 0x00000000da080000, 0x0000000100000000)
  eden space 66560K, 0% used [0x00000000d5580000,0x00000000d5580000,0x00000000d9680000)
  from space 5120K, 99% used [0x00000000d9b80000,0x00000000da07c070,0x00000000da080000)
  to   space 5120K, 0% used [0x00000000d9680000,0x00000000d9680000,0x00000000d9b80000)
 ParOldGen       total 87552K, used 6066K [0x0000000080000000, 0x0000000085580000, 0x00000000d5580000)
  object space 87552K, 6% used [0x0000000080000000,0x00000000805ecb88,0x0000000085580000)
 Metaspace       used 18420K, capacity 18662K, committed 18816K, reserved 1064960K
  class space    used 2284K, capacity 2361K, committed 2432K, reserved 1048576K
}
Event: 2.832 GC heap before
{Heap before GC invocations=3 (full 0):
 PSYoungGen      total 71680K, used 17755K [0x00000000d5580000, 0x00000000da080000, 0x0000000100000000)
  eden space 66560K, 19% used [0x00000000d5580000,0x00000000d61dad00,0x00000000d9680000)
  from space 5120K, 99% used [0x00000000d9b80000,0x00000000da07c070,0x00000000da080000)
  to   space 5120K, 0% used [0x00000000d9680000,0x00000000d9680000,0x00000000d9b80000)
 ParOldGen       total 87552K, used 6066K [0x0000000080000000, 0x0000000085580000, 0x00000000d5580000)
  object space 87552K, 6% used [0x0000000080000000,0x00000000805ecb88,0x0000000085580000)
 Metaspace       used 20575K, capacity 21142K, committed 21248K, reserved 1067008K
  class space    used 2602K, capacity 2765K, committed 2816K, reserved 1048576K
Event: 2.844 GC heap after
Heap after GC invocations=3 (full 0):
 PSYoungGen      total 71680K, used 5088K [0x00000000d5580000, 0x00000000de180000, 0x0000000100000000)
  eden space 66560K, 0% used [0x00000000d5580000,0x00000000d5580000,0x00000000d9680000)
  from space 5120K, 99% used [0x00000000d9680000,0x00000000d9b78080,0x00000000d9b80000)
  to   space 5120K, 0% used [0x00000000ddc80000,0x00000000ddc80000,0x00000000de180000)
 ParOldGen       total 87552K, used 7835K [0x0000000080000000, 0x0000000085580000, 0x00000000d5580000)
  object space 87552K, 8% used [0x0000000080000000,0x00000000807a6fc0,0x0000000085580000)
 Metaspace       used 20575K, capacity 21142K, committed 21248K, reserved 1067008K
  class space    used 2602K, capacity 2765K, committed 2816K, reserved 1048576K
}
Event: 2.844 GC heap before
{Heap before GC invocations=4 (full 1):
 PSYoungGen      total 71680K, used 5088K [0x00000000d5580000, 0x00000000de180000, 0x0000000100000000)
  eden space 66560K, 0% used [0x00000000d5580000,0x00000000d5580000,0x00000000d9680000)
  from space 5120K, 99% used [0x00000000d9680000,0x00000000d9b78080,0x00000000d9b80000)
  to   space 5120K, 0% used [0x00000000ddc80000,0x00000000ddc80000,0x00000000de180000)
 ParOldGen       total 87552K, used 7835K [0x0000000080000000, 0x0000000085580000, 0x00000000d5580000)
  object space 87552K, 8% used [0x0000000080000000,0x00000000807a6fc0,0x0000000085580000)
 Metaspace       used 20575K, capacity 21142K, committed 21248K, reserved 1067008K
  class space    used 2602K, capacity 2765K, committed 2816K, reserved 1048576K
Event: 2.897 GC heap after
Heap after GC invocations=4 (full 1):
 PSYoungGen      total 71680K, used 0K [0x00000000d5580000, 0x00000000de180000, 0x0000000100000000)
  eden space 66560K, 0% used [0x00000000d5580000,0x00000000d5580000,0x00000000d9680000)
  from space 5120K, 0% used [0x00000000d9680000,0x00000000d9680000,0x00000000d9b80000)
  to   space 5120K, 0% used [0x00000000ddc80000,0x00000000ddc80000,0x00000000de180000)
 ParOldGen       total 63488K, used 7752K [0x0000000080000000, 0x0000000083e00000, 0x00000000d5580000)
  object space 63488K, 12% used [0x0000000080000000,0x0000000080792008,0x0000000083e00000)
 Metaspace       used 20575K, capacity 21142K, committed 21248K, reserved 1067008K
  class space    used 2602K, capacity 2765K, committed 2816K, reserved 1048576K
}

Deoptimization events (10 events):
Event: 1.979 Thread 0x0000000002c93800 Uncommon trap: reason=unstable_if action=reinterpret pc=0x0000000003017b20 method=java.util.LinkedHashMap.get(Ljava/lang/Object;)Ljava/lang/Object; @ 20
Event: 2.039 Thread 0x0000000002c93800 Uncommon trap: reason=unstable_if action=reinterpret pc=0x0000000003226210 method=java.io.ByteArrayInputStream.read()I @ 8
Event: 2.096 Thread 0x0000000002c93800 Uncommon trap: reason=unstable_if action=reinterpret pc=0x00000000031ec61c method=java.util.concurrent.ConcurrentHashMap.putVal(Ljava/lang/Object;Ljava/lang/Object;Z)Ljava/lang/Object; @ 181
Event: 2.097 Thread 0x0000000002c93800 Uncommon trap: reason=bimorphic action=maybe_recompile pc=0x000000000314abb4 method=java.net.URL.<init>(Ljava/net/URL;Ljava/lang/String;Ljava/net/URLStreamHandler;)V @ 504
Event: 2.174 Thread 0x0000000002c93800 Uncommon trap: reason=unstable_if action=reinterpret pc=0x0000000002f10fe8 method=java.lang.String.replace(CC)Ljava/lang/String; @ 2
Event: 2.177 Thread 0x0000000002c93800 Uncommon trap: reason=bimorphic action=maybe_recompile pc=0x000000000314abb4 method=java.net.URL.<init>(Ljava/net/URL;Ljava/lang/String;Ljava/net/URLStreamHandler;)V @ 504
Event: 5.134 Thread 0x0000000002c93800 Uncommon trap: reason=class_check action=maybe_recompile pc=0x000000000337d5f4 method=org.openqa.selenium.json.Input.init()V @ 18
Event: 5.134 Thread 0x0000000002c93800 Uncommon trap: reason=class_check action=maybe_recompile pc=0x000000000337d5f4 method=org.openqa.selenium.json.Input.init()V @ 18
Event: 5.134 Thread 0x0000000002c93800 Uncommon trap: reason=class_check action=maybe_recompile pc=0x000000000337d5f4 method=org.openqa.selenium.json.Input.init()V @ 18
Event: 5.134 Thread 0x0000000002c93800 Uncommon trap: reason=class_check action=maybe_recompile pc=0x000000000337d5f4 method=org.openqa.selenium.json.Input.init()V @ 18

Internal exceptions (10 events):
Event: 9.544 Thread 0x0000000002c93800 Exception <a 'java/net/SocketTimeoutException': Read timed out> (0x00000000d6413138) thrown at [C:\re\workspace\8-2-build-windows-amd64-cygwin\jdk8u121\8372\hotspot\src\share\vm\prims\jni.cpp, line 735]
Event: 9.591 Thread 0x0000000002c93800 Exception <a 'java/net/SocketTimeoutException': Read timed out> (0x00000000d6432d20) thrown at [C:\re\workspace\8-2-build-windows-amd64-cygwin\jdk8u121\8372\hotspot\src\share\vm\prims\jni.cpp, line 735]
Event: 9.623 Thread 0x0000000002c93800 Exception <a 'java/net/SocketTimeoutException': Read timed out> (0x00000000d6452678) thrown at [C:\re\workspace\8-2-build-windows-amd64-cygwin\jdk8u121\8372\hotspot\src\share\vm\prims\jni.cpp, line 735]
Event: 9.637 Thread 0x0000000002c93800 Exception <a 'java/net/SocketTimeoutException': Read timed out> (0x00000000d6468d70) thrown at [C:\re\workspace\8-2-build-windows-amd64-cygwin\jdk8u121\8372\hotspot\src\share\vm\prims\jni.cpp, line 735]
Event: 16.604 Thread 0x0000000002c93800 Exception <a 'java/net/SocketTimeoutException': Read timed out> (0x00000000d6532798) thrown at [C:\re\workspace\8-2-build-windows-amd64-cygwin\jdk8u121\8372\hotspot\src\share\vm\prims\jni.cpp, line 735]
Event: 16.626 Thread 0x0000000002c93800 Exception <a 'java/net/SocketTimeoutException': Read timed out> (0x00000000d6548e70) thrown at [C:\re\workspace\8-2-build-windows-amd64-cygwin\jdk8u121\8372\hotspot\src\share\vm\prims\jni.cpp, line 735]
Event: 16.661 Thread 0x0000000002c93800 Exception <a 'java/net/SocketTimeoutException': Read timed out> (0x00000000d655b638) thrown at [C:\re\workspace\8-2-build-windows-amd64-cygwin\jdk8u121\8372\hotspot\src\share\vm\prims\jni.cpp, line 735]
Event: 16.673 Thread 0x0000000002c93800 Exception <a 'java/net/SocketTimeoutException': Read timed out> (0x00000000d65753c8) thrown at [C:\re\workspace\8-2-build-windows-amd64-cygwin\jdk8u121\8372\hotspot\src\share\vm\prims\jni.cpp, line 735]
Event: 16.909 Thread 0x0000000002c93800 Exception <a 'java/net/SocketTimeoutException': Read timed out> (0x00000000d6587b68) thrown at [C:\re\workspace\8-2-build-windows-amd64-cygwin\jdk8u121\8372\hotspot\src\share\vm\prims\jni.cpp, line 735]
Event: 17.064 Thread 0x0000000002c93800 Exception <a 'java/lang/reflect/InvocationTargetException'> (0x00000000d658fa50) thrown at [C:\re\workspace\8-2-build-windows-amd64-cygwin\jdk8u121\8372\hotspot\src\share\vm\runtime\reflection.cpp, line 1092]

Events (10 events):
Event: 16.672 loading class org/openqa/selenium/json/JsonOutput
Event: 16.672 loading class org/openqa/selenium/json/JsonOutput done
Event: 17.064 loading class org/testng/internal/Invoker$StatusHolder
Event: 17.064 loading class org/testng/internal/Invoker$StatusHolder done
Event: 17.064 loading class org/testng/SkipException
Event: 17.064 loading class org/testng/SkipException done
Event: 17.065 loading class java/lang/Throwable$WrappedPrintWriter
Event: 17.065 loading class java/lang/Throwable$WrappedPrintWriter done
Event: 17.065 loading class java/util/IdentityHashMap$KeySet
Event: 17.065 loading class java/util/IdentityHashMap$KeySet done


Dynamic libraries:
0x00007ff7597c0000 - 0x00007ff7597f7000 	C:\Program Files\Java\jre1.8.0_121\bin\javaw.exe
0x00007ffed9210000 - 0x00007ffed93f1000 	C:\windows\SYSTEM32\ntdll.dll
0x00007ffed6720000 - 0x00007ffed67d1000 	C:\windows\System32\KERNEL32.DLL
0x00007ffed5660000 - 0x00007ffed58d3000 	C:\windows\System32\KERNELBASE.dll
0x00007ffed6b60000 - 0x00007ffed6c01000 	C:\windows\System32\ADVAPI32.dll
0x00007ffed8330000 - 0x00007ffed83ce000 	C:\windows\System32\msvcrt.dll
0x00007ffed6910000 - 0x00007ffed696b000 	C:\windows\System32\sechost.dll
0x00007ffed67e0000 - 0x00007ffed6904000 	C:\windows\System32\RPCRT4.dll
0x00007ffed69d0000 - 0x00007ffed6b60000 	C:\windows\System32\USER32.dll
0x00007ffed5c30000 - 0x00007ffed5c50000 	C:\windows\System32\win32u.dll
0x00007ffed87a0000 - 0x00007ffed87c8000 	C:\windows\System32\GDI32.dll
0x00007ffed59f0000 - 0x00007ffed5b81000 	C:\windows\System32\gdi32full.dll
0x00007ffed5b90000 - 0x00007ffed5c2f000 	C:\windows\System32\msvcp_win.dll
0x00007ffed5ca0000 - 0x00007ffed5d98000 	C:\windows\System32\ucrtbase.dll
0x00007ffecb7c0000 - 0x00007ffecba29000 	C:\windows\WinSxS\amd64_microsoft.windows.common-controls_6595b64144ccf1df_6.0.17134.885_none_fb42a3473065565f\COMCTL32.dll
0x00007ffed8970000 - 0x00007ffed8c92000 	C:\windows\System32\combase.dll
0x00007ffed55e0000 - 0x00007ffed5659000 	C:\windows\System32\bcryptPrimitives.dll
0x00007ffed8550000 - 0x00007ffed857d000 	C:\windows\System32\IMM32.DLL
0x0000000076a30000 - 0x0000000076b02000 	C:\Program Files\Java\jre1.8.0_121\bin\msvcr100.dll
0x0000000076bf0000 - 0x000000007748b000 	C:\Program Files\Java\jre1.8.0_121\bin\server\jvm.dll
0x00007ffed8d10000 - 0x00007ffed8d18000 	C:\windows\System32\PSAPI.DLL
0x00007ffec4350000 - 0x00007ffec4359000 	C:\windows\SYSTEM32\WSOCK32.dll
0x00007ffed8d20000 - 0x00007ffed8d8c000 	C:\windows\System32\WS2_32.dll
0x00007ffec36c0000 - 0x00007ffec36e3000 	C:\windows\SYSTEM32\WINMM.dll
0x00007ffecdca0000 - 0x00007ffecdcaa000 	C:\windows\SYSTEM32\VERSION.dll
0x00007ffec3690000 - 0x00007ffec36ba000 	C:\windows\SYSTEM32\WINMMBASE.dll
0x00007ffed5c50000 - 0x00007ffed5c99000 	C:\windows\System32\cfgmgr32.dll
0x0000000076be0000 - 0x0000000076bef000 	C:\Program Files\Java\jre1.8.0_121\bin\verify.dll
0x0000000076bb0000 - 0x0000000076bd9000 	C:\Program Files\Java\jre1.8.0_121\bin\java.dll
0x0000000076b90000 - 0x0000000076ba6000 	C:\Program Files\Java\jre1.8.0_121\bin\zip.dll
0x00007ffed6ef0000 - 0x00007ffed8330000 	C:\windows\System32\SHELL32.dll
0x00007ffed87d0000 - 0x00007ffed8879000 	C:\windows\System32\shcore.dll
0x00007ffed5da0000 - 0x00007ffed64ad000 	C:\windows\System32\windows.storage.dll
0x00007ffed8cb0000 - 0x00007ffed8d01000 	C:\windows\System32\shlwapi.dll
0x00007ffed5560000 - 0x00007ffed5571000 	C:\windows\System32\kernel.appcore.dll
0x00007ffed5540000 - 0x00007ffed555f000 	C:\windows\System32\profapi.dll
0x00007ffed5580000 - 0x00007ffed55cc000 	C:\windows\System32\powrprof.dll
0x00007ffed55d0000 - 0x00007ffed55da000 	C:\windows\System32\FLTLIB.DLL
0x0000000076b70000 - 0x0000000076b8a000 	C:\Program Files\Java\jre1.8.0_121\bin\net.dll
0x00007ffed4d40000 - 0x00007ffed4da6000 	C:\windows\system32\mswsock.dll
0x00007ffed4b10000 - 0x00007ffed4bce000 	C:\windows\SYSTEM32\DNSAPI.dll
0x00007ffed6db0000 - 0x00007ffed6db8000 	C:\windows\System32\NSI.dll
0x00007ffed4ad0000 - 0x00007ffed4b08000 	C:\windows\SYSTEM32\IPHLPAPI.DLL
0x00007ffecf070000 - 0x00007ffecf07a000 	C:\Windows\System32\rasadhlp.dll
0x00007ffeceb90000 - 0x00007ffecec02000 	C:\windows\System32\fwpuclnt.dll
0x00007ffed5020000 - 0x00007ffed5045000 	C:\windows\SYSTEM32\bcrypt.dll
0x00007ffed4f00000 - 0x00007ffed4f17000 	C:\windows\SYSTEM32\CRYPTSP.dll
0x00007ffed4930000 - 0x00007ffed4963000 	C:\windows\system32\rsaenh.dll
0x00007ffed5420000 - 0x00007ffed5448000 	C:\windows\SYSTEM32\USERENV.dll
0x00007ffed4ef0000 - 0x00007ffed4efb000 	C:\windows\SYSTEM32\CRYPTBASE.dll
0x00007ffecf5b0000 - 0x00007ffecf5c6000 	C:\windows\SYSTEM32\dhcpcsvc6.DLL
0x00007ffecf590000 - 0x00007ffecf5aa000 	C:\windows\SYSTEM32\dhcpcsvc.DLL
0x0000000076b50000 - 0x0000000076b61000 	C:\Program Files\Java\jre1.8.0_121\bin\nio.dll
0x0000000076b20000 - 0x0000000076b44000 	C:\Program Files\Java\jre1.8.0_121\bin\sunec.dll
0x0000000076b10000 - 0x0000000076b1b000 	C:\Program Files\Java\jre1.8.0_121\bin\sunmscapi.dll
0x00007ffed64b0000 - 0x00007ffed6692000 	C:\windows\System32\CRYPT32.dll
0x00007ffed5520000 - 0x00007ffed5532000 	C:\windows\System32\MSASN1.dll
0x00007ffebe8a0000 - 0x00007ffebe8b6000 	C:\windows\system32\napinsp.dll
0x00007ffebe640000 - 0x00007ffebe65a000 	C:\windows\system32\pnrpnsp.dll
0x00007ffed0600000 - 0x00007ffed0619000 	C:\windows\system32\NLAapi.dll
0x00007ffed1cf0000 - 0x00007ffed1cfe000 	C:\windows\System32\winrnr.dll

VM Arguments:
jvm_args: -ea -Dfile.encoding=Cp1252 
java_command: org.testng.remote.RemoteTestNG -serport 52580 -protocol json -d C:\Users\Deep.Shukla\Automation\Git\maven\test-output C:\Users\Deep.Shukla\Automation\Git\maven\Testng.xml
java_class_path (initial): C:\Users\Deep.Shukla\Desktop\software\eclipse-java-neon-3-win32-x86_64\eclipse\configuration\org.eclipse.osgi\490\0\.cp\lib\testng-remote.jar;C:\Users\Deep.Shukla\Automation\Git\maven\target\test-classes;C:\Users\Deep.Shukla\Automation\Git\maven\target\classes;C:\Users\Deep.Shukla\Desktop\software\eclipse-java-neon-3-win32-x86_64\eclipse\plugins\org.testng_6.14.2.r201802161450.jar;C:\Users\Deep.Shukla\Desktop\software\eclipse-java-neon-3-win32-x86_64\eclipse\plugins\com.beust.jcommander_1.72.0.jar;C:\Users\Deep.Shukla\Desktop\software\eclipse-java-neon-3-win32-x86_64\eclipse\plugins\org.apache-extras.beanshell.bsh_2.0.0.b6.jar;C:\Users\Deep.Shukla\Desktop\software\eclipse-java-neon-3-win32-x86_64\eclipse\plugins\org.yaml.snakeyaml_1.17.0.jar;C:\Users\Deep.Shukla\Automation\excelkeyword\libs\java-client-6.1.0.jar;C:\Users\Deep.Shukla\.m2\repository\org\seleniumhq\selenium\selenium-server\3.141.59\selenium-server-3.141.59.jar;C:\Users\Deep.Shukla\.m2\repository\org\seleniumhq\selenium\selenium-java\3.141.59\selenium-java-3.141.59.jar;C:\Users\Deep.Shukla\.m2\repository\org\seleniumhq\selenium\selenium-api\3.141.59\selenium-api-3.141.59.jar;C:\Users\Deep.Shukla\.m2\repository\org\seleniumhq\selenium\selenium-chrome-driver\3.141.59\selenium-chrome-driver-3.141.59.jar;C:\Users\Deep.Shukla\.m2\repository\org\seleniumhq\selenium\selenium-edge-driver\3.141.59\selenium-edge-driver-3.141.59.jar;C:\Users\Deep.Shukla\.m2\repository\org\seleniumhq\selenium\selenium-firefox-driver\3.141.59\selenium-firefox-driver-3.141.59.jar;C:\Users\Deep.Shukla\.m2\repository\org\seleniumhq\selenium\selenium-ie-driver\3.141.59\selenium-ie-driver-3.141.59.jar;C:\Users\Deep.Shukla\.m2\repository\org\seleniumhq\selenium\selenium-opera-driver\3.141.59\selenium-opera-driver-3.141.59.jar;C:\Users\Deep.Shukla\.m2\repository\org\seleniumhq\selenium\selenium-remote-driver\3.141.59\selenium-remote-driver-3.141.59.jar;C:\Users\Deep.Shukla\.m2\repository\org\seleniumhq\selenium
Launcher Type: SUN_STANDARD

Environment Variables:
PATH=C:/Program Files/Java/jre1.8.0_121/bin/server;C:/Program Files/Java/jre1.8.0_121/bin;C:/Program Files/Java/jre1.8.0_121/lib/amd64;C:\Program Files (x86)\Common Files\Oracle\Java\javapath;C:\windows\system32;C:\windows;C:\windows\System32\Wbem;C:\windows\System32\WindowsPowerShell\v1.0\;C:\windows\System32\OpenSSH\;c:\Program Files\Microsoft SQL Server\110\Tools\Binn\;c:\Program Files (x86)\Microsoft SQL Server\110\Tools\Binn\ManagementStudio\;c:\Program Files (x86)\Microsoft SQL Server\110\Tools\Binn\;c:\Program Files (x86)\Microsoft SQL Server\110\DTS\Binn\;C:\Program Files\TortoiseGit\bin;C:\Program Files\Git\cmd;C:\Users\Deep.Shukla\AppData\Local\Microsoft\WindowsApps;;C:\Users\Deep.Shukla\Desktop\software\eclipse-java-neon-3-win32-x86_64\eclipse;
USERNAME=Deep.Shukla
OS=Windows_NT
PROCESSOR_IDENTIFIER=Intel64 Family 6 Model 79 Stepping 1, GenuineIntel



---------------  S Y S T E M  ---------------

OS: Windows 10.0 , 64 bit Build 17134 (10.0.17134.753)

CPU:total 2 (2 cores per cpu, 1 threads per core) family 6 model 79 stepping 1, cmov, cx8, fxsr, mmx, sse, sse2, sse3, ssse3, sse4.1, sse4.2, popcnt, avx, avx2, aes, clmul, erms, rtm, 3dnowpref, lzcnt, tsc, bmi1, bmi2, adx

Memory: 4k page, physical 8388148k(2607076k free), swap 10485160k(4116k free)

vm_info: Java HotSpot(TM) 64-Bit Server VM (25.121-b13) for windows-amd64 JRE (1.8.0_121-b13), built on Dec 12 2016 18:21:36 by "java_re" with MS VC++ 10.0 (VS2010)

time: Wed Jul 24 05:34:33 2019
elapsed time: 17 seconds (0d 0h 0m 17s)

